<?xml version="1.0" encoding="UTF-8"?>
<testsuite name="org.example.SILab2Test" tests="5" skipped="0" failures="0" errors="0" timestamp="2023-05-31T21:32:09" hostname="KUJTIM" time="0.036">
  <properties/>
  <testcase name="everyBranchTest1()" classname="org.example.SILab2Test" time="0.031"/>
  <testcase name="everyBranchTest2()" classname="org.example.SILab2Test" time="0.001"/>
  <testcase name="everyBranchTest3()" classname="org.example.SILab2Test" time="0.0"/>
  <testcase name="everyBranchTest4()" classname="org.example.SILab2Test" time="0.001"/>
  <testcase name="everyBranchTest5()" classname="org.example.SILab2Test" time="0.001"/>
  <system-out><![CDATA[]]></system-out>
  <system-err><![CDATA[]]></system-err>
</testsuite>
